
Attaching package: ‘dplyr’

The following objects are masked from ‘package:stats’:

    filter, lag

The following objects are masked from ‘package:base’:

    intersect, setdiff, setequal, union

Warning message:
package ‘Rcpp’ was built under R version 4.3.3 
Compiling C++ likelihood function...
✓ C++ compiled


╔══════════════════════════════════════════════════════════════╗
║   HAWKES MODEL WITH POVERTY RATE COVARIATE                   ║
╚══════════════════════════════════════════════════════════════╝

SPECIFICATION:
  Background: μ(d,y) = exp(β₀ + γ·log(pop) + δ·poverty_decimal + Σ β_year)
             (poverty_decimal = poverty_rate/100, range 0.017-0.437)
  Triggering: α(marks) = exp(β₀_trig + β_violence·violent + β_state·intervention)
  Kernel: g(t) = exp(-β·t)
  Intensity: λ(t) = μ(d,y) + Σ α(marks_i)·g(t-t_i)

HYPOTHESIS:
  → Larger districts have lower poverty (cor = -0.480)
  → If poverty explains sub-proportional effect, γ should increase
  → Baseline γ ≈ 0.35, with poverty expect γ ≈ 0.6-1.0

✓ Parameter transformations verified
✓ Created checkpoint directory: checkpoints_model_poverty

=== LOADING DATA WITH POVERTY ===
Loaded 15914 events with poverty data
Time range: 2015 to 2024 
⚠ TWO-YEAR MODE: Filtered to 2022-2023 (6264 events)
  2022: 3118 events | 2023: 3146 events
Poverty data coverage: 6264 (100.0%)

Poverty rate summary (rescaled to decimal):
  Mean: 0.0909 (9.09%)
  Median: 0.0770 (7.70%)
  Range: 0.0199 to 0.4003 (1.99% to 40.03%)

Correlation (log(pop) vs poverty): -0.406
  ✓ Low to moderate correlation

Using complete cases: 6264 events (100.0% of total)
Violent events: 520 (8.3%)
Events with state intervention: 270 (4.3%)

=== CALCULATING DISTRICT-YEAR OBSERVATION TIMES ===
Found 709 unique district-year combinations
Observation period: 729.0 days (2.00 years)

=== IMPLEMENTING MODEL WITH POVERTY ===

=== PREPARING DATA FOR ESTIMATION ===
Sample size: 6264 events
District-years: 709
Skipping time matrix pre-computation (C++ handles this)...
✓ Ready for optimization


╔══════════════════════════════════════════════════════════════╗
║   FITTING MODEL WITH POVERTY RATE                            ║
╚══════════════════════════════════════════════════════════════╝


--- Fitting Model with Poverty Rate (Multi-Start) ---
Using MULTI-START optimization with 5 starting points
Starting fresh optimization...

=== MULTI-START OPTIMIZATION (5 starts) ===

--- Start 1/5: Data-driven ---
  Initial: γ=0.350, δ=0.000
  → LL: -32953.50 | γ=0.4630, δ=-4.4598 | Conv: 0 | Time: 2.1 min

--- Start 2/5: Conservative ---
  Initial: γ=0.200, δ=0.500
  → LL: -32953.51 | γ=0.4630, δ=-4.4591 | Conv: 0 | Time: 1.6 min

--- Start 3/5: Proportional ---
  Initial: γ=0.800, δ=0.200
  → LL: -34678.71 | γ=0.0101, δ=-19.9982 | Conv: 0 | Time: 0.4 min

--- Start 4/5: Negative-poverty ---
  Initial: γ=0.500, δ=-0.500
  → LL: -32953.46 | γ=0.4630, δ=-4.4629 | Conv: 0 | Time: 1.9 min

--- Start 5/5: High-poverty ---
  Initial: γ=0.250, δ=1.000
  → LL: -32954.48 | γ=0.4637, δ=-4.4578 | Conv: 0 | Time: 1.3 min

╔══════════════════════════════════════════════════════════════╗
║  BEST START: Negative-poverty (LL=-32953.46)
╚══════════════════════════════════════════════════════════════╝

Re-running best initialization with full tracking...

    💾 Checkpoint 1: LL=-32953.46 (best: -32953.46) | γ=0.4630 δ=-4.4629
    LL: -32953.46 | γ=0.4630 δ=-4.4629 [eval 1]

    💾 Checkpoint 2: LL=-32953.46 (best: -32953.46) | γ=0.4630 δ=-4.4629
    LL: -32953.46 | γ=0.4630 δ=-4.4629 [eval 2]

    💾 Checkpoint 3: LL=-32953.46 (best: -32953.46) | γ=0.4630 δ=-4.4629
    LL: -32953.46 | γ=0.4630 δ=-4.4629 [eval 3]

    💾 Checkpoint 4: LL=-32953.53 (best: -32953.46) | γ=0.4634 δ=-4.4629
    LL: -32953.53 | γ=0.4634 δ=-4.4629 [eval 4]

    💾 Checkpoint 5: LL=-32953.53 (best: -32953.46) | γ=0.4627 δ=-4.4629
    LL: -32953.53 | γ=0.4627 δ=-4.4629 [eval 5]

    💾 Checkpoint 6: LL=-32953.46 (best: -32953.46) | γ=0.4630 δ=-4.4534
    LL: -32953.46 | γ=0.4630 δ=-4.4534 [eval 6]

    💾 Checkpoint 7: LL=-32953.46 (best: -32953.46) | γ=0.4630 δ=-4.4724
    LL: -32953.46 | γ=0.4630 δ=-4.4724 [eval 7]

    💾 Checkpoint 8: LL=-32953.46 (best: -32953.46) | γ=0.4630 δ=-4.4629
    LL: -32953.46 | γ=0.4630 δ=-4.4629 [eval 8]

    💾 Checkpoint 9: LL=-32953.46 (best: -32953.46) | γ=0.4630 δ=-4.4629
    LL: -32953.46 | γ=0.4630 δ=-4.4629 [eval 9]

    💾 Checkpoint 10: LL=-32953.46 (best: -32953.46) | γ=0.4630 δ=-4.4629
    LL: -32953.46 | γ=0.4630 δ=-4.4629 [eval 10]

    💾 Checkpoint 11: LL=-32953.46 (best: -32953.46) | γ=0.4630 δ=-4.4629
    LL: -32953.46 | γ=0.4630 δ=-4.4629 [eval 11]

    💾 Checkpoint 12: LL=-32953.46 (best: -32953.46) | γ=0.4630 δ=-4.4629
    LL: -32953.46 | γ=0.4630 δ=-4.4629 [eval 12]

    💾 Checkpoint 13: LL=-32953.46 (best: -32953.46) | γ=0.4630 δ=-4.4629
    LL: -32953.46 | γ=0.4630 δ=-4.4629 [eval 13]

    💾 Checkpoint 14: LL=-32953.46 (best: -32953.46) | γ=0.4630 δ=-4.4629
    LL: -32953.46 | γ=0.4630 δ=-4.4629 [eval 14]

    💾 Checkpoint 15: LL=-32953.46 (best: -32953.46) | γ=0.4630 δ=-4.4629
    LL: -32953.46 | γ=0.4630 δ=-4.4629 [eval 15]

    💾 Checkpoint 16: LL=-43900.02 (best: -32953.46) | γ=0.5474 δ=-2.2218
    LL: -43900.02 | γ=0.5474 δ=-2.2218 [eval 16]

    💾 Checkpoint 17: LL=-43919.87 (best: -32953.46) | γ=0.5474 δ=-2.2218
    LL: -43919.87 | γ=0.5474 δ=-2.2218 [eval 17]

    💾 Checkpoint 18: LL=-43880.19 (best: -32953.46) | γ=0.5474 δ=-2.2218
    LL: -43880.19 | γ=0.5474 δ=-2.2218 [eval 18]

    💾 Checkpoint 19: LL=-44005.65 (best: -32953.46) | γ=0.5478 δ=-2.2218
    LL: -44005.65 | γ=0.5478 δ=-2.2218 [eval 19]

    💾 Checkpoint 20: LL=-43795.17 (best: -32953.46) | γ=0.5470 δ=-2.2218
    LL: -43795.17 | γ=0.5470 δ=-2.2218 [eval 20]

    💾 Checkpoint 21: LL=-43919.03 (best: -32953.46) | γ=0.5474 δ=-2.2119
    LL: -43919.03 | γ=0.5474 δ=-2.2119 [eval 21]

    💾 Checkpoint 22: LL=-43881.05 (best: -32953.46) | γ=0.5474 δ=-2.2317
    LL: -43881.05 | γ=0.5474 δ=-2.2317 [eval 22]

    💾 Checkpoint 23: LL=-43900.02 (best: -32953.46) | γ=0.5474 δ=-2.2218
    LL: -43900.02 | γ=0.5474 δ=-2.2218 [eval 23]

    💾 Checkpoint 24: LL=-43900.02 (best: -32953.46) | γ=0.5474 δ=-2.2218
    LL: -43900.02 | γ=0.5474 δ=-2.2218 [eval 24]

    💾 Checkpoint 25: LL=-43900.02 (best: -32953.46) | γ=0.5474 δ=-2.2218
    LL: -43900.02 | γ=0.5474 δ=-2.2218 [eval 25]

    💾 Checkpoint 26: LL=-43900.02 (best: -32953.46) | γ=0.5474 δ=-2.2218
    LL: -43900.02 | γ=0.5474 δ=-2.2218 [eval 26]

    💾 Checkpoint 27: LL=-43900.02 (best: -32953.46) | γ=0.5474 δ=-2.2218
    LL: -43900.02 | γ=0.5474 δ=-2.2218 [eval 27]

    💾 Checkpoint 28: LL=-43900.02 (best: -32953.46) | γ=0.5474 δ=-2.2218
    LL: -43900.02 | γ=0.5474 δ=-2.2218 [eval 28]

    💾 Checkpoint 29: LL=-43900.02 (best: -32953.46) | γ=0.5474 δ=-2.2218
    LL: -43900.02 | γ=0.5474 δ=-2.2218 [eval 29]

    💾 Checkpoint 30: LL=-43900.02 (best: -32953.46) | γ=0.5474 δ=-2.2218
    LL: -43900.02 | γ=0.5474 δ=-2.2218 [eval 30]

    💾 Checkpoint 31: LL=-32953.46 (best: -32953.46) | γ=0.4630 δ=-4.4628
    LL: -32953.46 | γ=0.4630 δ=-4.4628 [eval 31]

    💾 Checkpoint 32: LL=-32953.46 (best: -32953.46) | γ=0.4630 δ=-4.4628
    LL: -32953.46 | γ=0.4630 δ=-4.4628 [eval 32]

    💾 Checkpoint 33: LL=-32953.46 (best: -32953.46) | γ=0.4630 δ=-4.4628
    LL: -32953.46 | γ=0.4630 δ=-4.4628 [eval 33]

    💾 Checkpoint 34: LL=-32953.53 (best: -32953.46) | γ=0.4634 δ=-4.4628
    LL: -32953.53 | γ=0.4634 δ=-4.4628 [eval 34]

    💾 Checkpoint 35: LL=-32953.53 (best: -32953.46) | γ=0.4627 δ=-4.4628
    LL: -32953.53 | γ=0.4627 δ=-4.4628 [eval 35]

    💾 Checkpoint 36: LL=-32953.46 (best: -32953.46) | γ=0.4630 δ=-4.4533
    LL: -32953.46 | γ=0.4630 δ=-4.4533 [eval 36]

    💾 Checkpoint 37: LL=-32953.46 (best: -32953.46) | γ=0.4630 δ=-4.4723
    LL: -32953.46 | γ=0.4630 δ=-4.4723 [eval 37]

    💾 Checkpoint 38: LL=-32953.46 (best: -32953.46) | γ=0.4630 δ=-4.4628
    LL: -32953.46 | γ=0.4630 δ=-4.4628 [eval 38]

    💾 Checkpoint 39: LL=-32953.46 (best: -32953.46) | γ=0.4630 δ=-4.4628
    LL: -32953.46 | γ=0.4630 δ=-4.4628 [eval 39]

    💾 Checkpoint 40: LL=-32953.46 (best: -32953.46) | γ=0.4630 δ=-4.4628
    LL: -32953.46 | γ=0.4630 δ=-4.4628 [eval 40]

    💾 Checkpoint 41: LL=-32953.46 (best: -32953.46) | γ=0.4630 δ=-4.4628
    LL: -32953.46 | γ=0.4630 δ=-4.4628 [eval 41]

    💾 Checkpoint 42: LL=-32953.46 (best: -32953.46) | γ=0.4630 δ=-4.4628
    LL: -32953.46 | γ=0.4630 δ=-4.4628 [eval 42]

    💾 Checkpoint 43: LL=-32953.46 (best: -32953.46) | γ=0.4630 δ=-4.4628
    LL: -32953.46 | γ=0.4630 δ=-4.4628 [eval 43]

    💾 Checkpoint 44: LL=-32953.46 (best: -32953.46) | γ=0.4630 δ=-4.4628
    LL: -32953.46 | γ=0.4630 δ=-4.4628 [eval 44]

    💾 Checkpoint 45: LL=-32953.46 (best: -32953.46) | γ=0.4630 δ=-4.4628
    LL: -32953.46 | γ=0.4630 δ=-4.4628 [eval 45]
final  value 32953.456180 
converged

  ✓ Optimization complete in 7.28 minutes
  Log-likelihood: -32953.46
  Convergence: 0
  Final γ: 0.4630
  Final δ: -4.4628
✓ Final checkpoint saved: checkpoints_model_poverty/model-MODEL_POVERTY-FINAL.rds

  Cleaned up 45 intermediate checkpoints


╔══════════════════════════════════════════════════════════════╗
║         MODEL WITH POVERTY RESULTS                           ║
╚══════════════════════════════════════════════════════════════╝

MODEL FIT:
  Log-likelihood: -32953.46
  AIC: 65938.91
  BIC: 66046.79
  Parameters: 16
  Runtime: 7.28 minutes
  Best starting point: Negative-poverty

MULTI-START COMPARISON:
-----------------------
  1. Data-driven        LL=-32953.50 | γ=0.4630, δ=-4.4598 | Conv=0 | 2.1 min
  2. Conservative       LL=-32953.51 | γ=0.4630, δ=-4.4591 | Conv=0 | 1.6 min
  3. Proportional       LL=-34678.71 | γ=0.0101, δ=-19.9982 | Conv=0 | 0.4 min
★ 4. Negative-poverty   LL=-32953.46 | γ=0.4630, δ=-4.4629 | Conv=0 | 1.9 min
  5. High-poverty       LL=-32954.48 | γ=0.4637, δ=-4.4578 | Conv=0 | 1.3 min

BACKGROUND RATE PARAMETERS:
---------------------------
  β₀ (baseline): -10.0781
  γ (population elasticity): 0.4630 ★
    → Interpretation: 10× population → 2.9× more protests
  δ (poverty effect): -4.4628 ★
    → Interpretation: +0.01 poverty (1%) → 0.956× more protests
    → Or equivalently: +0.10 poverty (10%) → 0.640× more protests
    → Lower poverty → MORE protests (unexpected!)

  INTERPRETATION:
  → γ increased from baseline (0.35), suggesting poverty partially
    explains the sub-proportional population effect

YEAR EFFECTS (relative to 2015):

TRIGGERING PARAMETERS:
----------------------
  β₀_trig: -9.9516
  β_violence: -3.6138 (exp = 0.027)
  β_state: -3.4756 (exp = 0.031)
  Decay: 10.0000 (half-life = 0.1 days)

✓ Saved: model_poverty.rds

╔══════════════════════════════════════════════════════════════╗
║   MODEL WITH POVERTY ESTIMATION COMPLETE                     ║
╚══════════════════════════════════════════════════════════════╝

NEXT STEPS:
-----------
1. Compare AIC/BIC with baseline Model B (17_model_comparison.R)
2. Check if poverty explains population effect (γ increased?)
3. Residual analysis to validate improved fit
4. Consider interaction terms if needed

