
Attaching package: ‘dplyr’

The following objects are masked from ‘package:stats’:

    filter, lag

The following objects are masked from ‘package:base’:

    intersect, setdiff, setequal, union


╔══════════════════════════════════════════════════════════════╗
║   HAWKES MODEL WITH POVERTY RATE COVARIATE                   ║
╚══════════════════════════════════════════════════════════════╝

SPECIFICATION:
  Background: μ(d,y) = exp(β₀ + γ·log(pop) + δ·poverty_decimal + Σ β_year)
             (poverty_decimal = poverty_rate/100, range 0.017-0.437)
  Triggering: α(marks) = exp(β₀_trig + β_violence·violent + β_state·intervention)
  Kernel: g(t) = exp(-β·t)
  Intensity: λ(t) = μ(d,y) + Σ α(marks_i)·g(t-t_i)

HYPOTHESIS:
  → Larger districts have lower poverty (cor = -0.480)
  → If poverty explains sub-proportional effect, γ should increase
  → Baseline γ ≈ 0.35, with poverty expect γ ≈ 0.6-1.0

✓ Parameter transformations verified

=== LOADING DATA WITH POVERTY ===
Loaded 15914 events with poverty data
Time range: 2015 to 2024 
Poverty data coverage: 15914 (100.0%)

Poverty rate summary (rescaled to decimal):
  Mean: 0.0920 (9.20%)
  Median: 0.0764 (7.64%)
  Range: 0.0168 to 0.4373 (1.68% to 43.73%)

Correlation (log(pop) vs poverty): -0.480
  ✓ Low to moderate correlation

Using complete cases: 15914 events (100.0% of total)
Violent events: 2153 (13.5%)
Events with state intervention: 1259 (7.9%)

=== CALCULATING DISTRICT-YEAR OBSERVATION TIMES ===
Found 2384 unique district-year combinations
Observation period: 3587.0 days (9.82 years)

=== IMPLEMENTING MODEL WITH POVERTY ===

=== PREPARING DATA FOR ESTIMATION ===
Sample size: 15914 events
District-years: 2384
Pre-computing time difference matrix...
✓ Time matrix computed


╔══════════════════════════════════════════════════════════════╗
║   FITTING MODEL WITH POVERTY RATE                            ║
╚══════════════════════════════════════════════════════════════╝


--- Fitting Model with Poverty Rate (Multi-Start) ---
Using MULTI-START optimization with 5 starting points
✓ Model already completed (loading from final checkpoint)

╔══════════════════════════════════════════════════════════════╗
║         MODEL WITH POVERTY RESULTS                           ║
╚══════════════════════════════════════════════════════════════╝

MODEL FIT:
  Log-likelihood: -2031.39
  AIC: 4094.79
  BIC: 4173.31
  Parameters: 16
  Runtime: 0.93 minutes

BACKGROUND RATE PARAMETERS:
---------------------------
  β₀ (baseline): -13.2196
  γ (population elasticity): 0.0495 ★
    → Interpretation: 10× population → 1.1× more protests
  δ (poverty effect): -11.4757 ★
    → Interpretation: +0.01 poverty (1%) → 0.892× more protests
    → Or equivalently: +0.10 poverty (10%) → 0.317× more protests
    → Lower poverty → MORE protests (unexpected!)

YEAR EFFECTS (relative to 2015):
  2016: β = -0.421  (exp(β) = 0.657)
  2017: β = -0.424  (exp(β) = 0.654)
  2018: β = -0.467  (exp(β) = 0.627)
  2019: β = -0.487  (exp(β) = 0.614)
  2020: β = -0.496  (exp(β) = 0.609)
  2021: β = -0.489  (exp(β) = 0.613)
  2022: β = -0.527  (exp(β) = 0.590)
  2023: β = -0.525  (exp(β) = 0.592)
  2024: β = -0.533  (exp(β) = 0.587)

TRIGGERING PARAMETERS:
----------------------
  β₀_trig: -4.3354
  β_violence: -0.3746 (exp = 0.688)
  β_state: -0.2037 (exp = 0.816)
  Decay: 0.0119 (half-life = 58.4 days)

✓ Saved: model_poverty.rds

╔══════════════════════════════════════════════════════════════╗
║   MODEL WITH POVERTY ESTIMATION COMPLETE                     ║
╚══════════════════════════════════════════════════════════════╝

NEXT STEPS:
-----------
1. Compare AIC/BIC with baseline Model B (17_model_comparison.R)
2. Check if poverty explains population effect (γ increased?)
3. Residual analysis to validate improved fit
4. Consider interaction terms if needed

