
Attaching package: ‘dplyr’

The following objects are masked from ‘package:stats’:

    filter, lag

The following objects are masked from ‘package:base’:

    intersect, setdiff, setequal, union

Warning message:
package ‘Rcpp’ was built under R version 4.3.3 
Compiling C++ likelihood function for power-law extended marks Hawkes model...
✓ C++ compiled


╔══════════════════════════════════════════════════════════════╗
║   MODEL 6: EXTENDED MARKS HAWKES (POWER-LAW)                 ║
╚══════════════════════════════════════════════════════════════╝

SPECIFICATION:
  Background: μ(d,y) = exp(β₀ + γ·log(pop) + δ·poverty + Σ β_year)
  Triggering: α(marks) = exp(β₀_trig + β_fatal + β_violent
                              + β_student + β_labor + β_papua)
  Kernel: g(Δt) = (Δt + c)^(-α)  [POWER-LAW]
  Intensity: λ(t) = μ(d,y) + Σ α(marks_i) · g(t - t_i)

MARKS (violence-focused):
  Violence indicators (2 parameters):
    - has_fatalities (non-exclusive)
    - is_violent (violent vs peaceful)
  Actor-based (3 parameters, non-exclusive):
    - is_student
    - is_labor
    - is_papua

✓ Created checkpoint directory: checkpoints_model6_powerlaw_extended

=== LOADING DATA ===
Loaded 15914 events with poverty data
Time range: 2015 to 2024 
Poverty data coverage: 15914 (100.0%)

=== CONSTRUCTING MARK VARIABLES ===
Using complete cases: 15914 events

MARK VARIABLE SUMMARY (violence-focused):
-----------------------------------------
  Fatal events: 151 (0.9%)
  Violent events: 1453 (9.1%)
  Student-led: 5026 (31.6%)
  Labor-led: 3429 (21.5%)
  Papua-related: 2234 (14.0%)

=== CALCULATING DISTRICT-YEAR OBSERVATION TIMES ===
Found 2384 unique district-year combinations
Observation period: 3587.0 days (9.82 years)


╔══════════════════════════════════════════════════════════════╗
║   FITTING MODEL 6: EXTENDED MARKS (POWER-LAW)                ║
╚══════════════════════════════════════════════════════════════╝


--- Fitting Model 6: Power-Law Extended Marks ---
Using MULTI-START optimization with 3 starting points
Starting fresh optimization...

=== MULTI-START OPTIMIZATION (3 starts) ===

--- Start 1/3: Data-driven ---
  Initial: γ=0.350 α=2.00
  → LL: -88650.03 | γ=0.0101 α=1.05 | Conv: 0 | Time: 19.0 min

--- Start 2/3: Fast-decay ---
  Initial: γ=0.400 α=2.50
  → LL: -88650.03 | γ=0.0101 α=1.05 | Conv: 0 | Time: 19.1 min

--- Start 3/3: Slow-decay ---
  Initial: γ=0.300 α=1.50
  → LL: -88213.41 | γ=0.2741 α=1.05 | Conv: 0 | Time: 78.2 min

╔══════════════════════════════════════════════════════════════╗
║  BEST START: Slow-decay (LL=-88213.41)
╚══════════════════════════════════════════════════════════════╝

Re-running best initialization with full tracking...

    💾 Checkpoint 1: LL=-88213.41 (best: -88213.41) | γ=0.2741 α=1.05
    LL: -88213.41 | γ=0.2741 α=1.05 c=1.000 [eval 1]

    💾 Checkpoint 2: LL=-88213.41 (best: -88213.41) | γ=0.2741 α=1.05
    LL: -88213.41 | γ=0.2741 α=1.05 c=1.000 [eval 2]

    💾 Checkpoint 3: LL=-88213.41 (best: -88213.41) | γ=0.2741 α=1.05
    LL: -88213.41 | γ=0.2741 α=1.05 c=1.000 [eval 3]

    💾 Checkpoint 4: LL=-88213.41 (best: -88213.41) | γ=0.2743 α=1.05
    LL: -88213.41 | γ=0.2743 α=1.05 c=1.000 [eval 4]

    💾 Checkpoint 5: LL=-88213.41 (best: -88213.41) | γ=0.2739 α=1.05
    LL: -88213.41 | γ=0.2739 α=1.05 c=1.000 [eval 5]

    💾 Checkpoint 6: LL=-88213.41 (best: -88213.41) | γ=0.2741 α=1.05
    LL: -88213.41 | γ=0.2741 α=1.05 c=1.000 [eval 6]

    💾 Checkpoint 7: LL=-88213.41 (best: -88213.41) | γ=0.2741 α=1.05
    LL: -88213.41 | γ=0.2741 α=1.05 c=1.000 [eval 7]

    💾 Checkpoint 8: LL=-88213.41 (best: -88213.41) | γ=0.2741 α=1.05
    LL: -88213.41 | γ=0.2741 α=1.05 c=1.000 [eval 8]

    💾 Checkpoint 9: LL=-88213.41 (best: -88213.41) | γ=0.2741 α=1.05
    LL: -88213.41 | γ=0.2741 α=1.05 c=1.000 [eval 9]

    💾 Checkpoint 10: LL=-88213.41 (best: -88213.41) | γ=0.2741 α=1.05
    LL: -88213.41 | γ=0.2741 α=1.05 c=1.000 [eval 10]

    💾 Checkpoint 11: LL=-88213.41 (best: -88213.41) | γ=0.2741 α=1.05
    LL: -88213.41 | γ=0.2741 α=1.05 c=1.000 [eval 11]

    💾 Checkpoint 12: LL=-88213.41 (best: -88213.41) | γ=0.2741 α=1.05
    LL: -88213.41 | γ=0.2741 α=1.05 c=1.000 [eval 12]

    💾 Checkpoint 13: LL=-88213.41 (best: -88213.41) | γ=0.2741 α=1.05
    LL: -88213.41 | γ=0.2741 α=1.05 c=1.000 [eval 13]

    💾 Checkpoint 14: LL=-88213.41 (best: -88213.41) | γ=0.2741 α=1.05
    LL: -88213.41 | γ=0.2741 α=1.05 c=1.000 [eval 14]

    💾 Checkpoint 15: LL=-88213.41 (best: -88213.41) | γ=0.2741 α=1.05
    LL: -88213.41 | γ=0.2741 α=1.05 c=1.000 [eval 15]

    💾 Checkpoint 16: LL=-88213.41 (best: -88213.41) | γ=0.2741 α=1.05
    LL: -88213.41 | γ=0.2741 α=1.05 c=1.000 [eval 16]

    💾 Checkpoint 17: LL=-88213.41 (best: -88213.41) | γ=0.2741 α=1.05
    LL: -88213.41 | γ=0.2741 α=1.05 c=1.000 [eval 17]

    💾 Checkpoint 18: LL=-88213.41 (best: -88213.41) | γ=0.2741 α=1.05
    LL: -88213.41 | γ=0.2741 α=1.05 c=1.000 [eval 18]

    💾 Checkpoint 19: LL=-88213.41 (best: -88213.41) | γ=0.2741 α=1.05
    LL: -88213.41 | γ=0.2741 α=1.05 c=1.000 [eval 19]

    💾 Checkpoint 20: LL=-88213.41 (best: -88213.41) | γ=0.2741 α=1.05
    LL: -88213.41 | γ=0.2741 α=1.05 c=1.000 [eval 20]

    💾 Checkpoint 21: LL=-88213.41 (best: -88213.41) | γ=0.2741 α=1.05
    LL: -88213.41 | γ=0.2741 α=1.05 c=1.000 [eval 21]

    💾 Checkpoint 22: LL=-88213.41 (best: -88213.41) | γ=0.2741 α=1.05
    LL: -88213.41 | γ=0.2741 α=1.05 c=1.000 [eval 22]

    💾 Checkpoint 23: LL=-88213.41 (best: -88213.41) | γ=0.2741 α=1.05
    LL: -88213.41 | γ=0.2741 α=1.05 c=1.000 [eval 23]

    💾 Checkpoint 24: LL=-88213.41 (best: -88213.41) | γ=0.2741 α=1.05
    LL: -88213.41 | γ=0.2741 α=1.05 c=1.000 [eval 24]

    💾 Checkpoint 25: LL=-88213.41 (best: -88213.41) | γ=0.2741 α=1.05
    LL: -88213.41 | γ=0.2741 α=1.05 c=1.000 [eval 25]

    💾 Checkpoint 26: LL=-88213.41 (best: -88213.41) | γ=0.2741 α=1.05
    LL: -88213.41 | γ=0.2741 α=1.05 c=1.000 [eval 26]

    💾 Checkpoint 27: LL=-88213.41 (best: -88213.41) | γ=0.2741 α=1.05
    LL: -88213.41 | γ=0.2741 α=1.05 c=1.000 [eval 27]

    💾 Checkpoint 28: LL=-88213.41 (best: -88213.41) | γ=0.2741 α=1.05
    LL: -88213.41 | γ=0.2741 α=1.05 c=1.000 [eval 28]

    💾 Checkpoint 29: LL=-88213.41 (best: -88213.41) | γ=0.2741 α=1.05
    LL: -88213.41 | γ=0.2741 α=1.05 c=1.000 [eval 29]

    💾 Checkpoint 30: LL=-88213.41 (best: -88213.41) | γ=0.2741 α=1.05
    LL: -88213.41 | γ=0.2741 α=1.05 c=1.000 [eval 30]

    💾 Checkpoint 31: LL=-88213.41 (best: -88213.41) | γ=0.2741 α=1.05
    LL: -88213.41 | γ=0.2741 α=1.05 c=1.000 [eval 31]

    💾 Checkpoint 32: LL=-88213.41 (best: -88213.41) | γ=0.2741 α=1.05
    LL: -88213.41 | γ=0.2741 α=1.05 c=1.000 [eval 32]

    💾 Checkpoint 33: LL=-88213.41 (best: -88213.41) | γ=0.2741 α=1.05
    LL: -88213.41 | γ=0.2741 α=1.05 c=1.000 [eval 33]

    💾 Checkpoint 34: LL=-88213.42 (best: -88213.41) | γ=0.2741 α=1.05
    LL: -88213.42 | γ=0.2741 α=1.05 c=1.000 [eval 34]

    💾 Checkpoint 35: LL=-88213.42 (best: -88213.41) | γ=0.2741 α=1.05
    LL: -88213.42 | γ=0.2741 α=1.05 c=1.000 [eval 35]

    💾 Checkpoint 36: LL=-88213.41 (best: -88213.41) | γ=0.2741 α=1.05
    LL: -88213.41 | γ=0.2741 α=1.05 c=1.000 [eval 36]

    💾 Checkpoint 37: LL=-88213.41 (best: -88213.41) | γ=0.2741 α=1.05
    LL: -88213.41 | γ=0.2741 α=1.05 c=1.000 [eval 37]

    💾 Checkpoint 38: LL=-88213.41 (best: -88213.41) | γ=0.2741 α=1.05
    LL: -88213.41 | γ=0.2741 α=1.05 c=1.000 [eval 38]

    💾 Checkpoint 39: LL=-88213.41 (best: -88213.41) | γ=0.2741 α=1.05
    LL: -88213.41 | γ=0.2741 α=1.05 c=1.000 [eval 39]

    💾 Checkpoint 40: LL=-88213.41 (best: -88213.41) | γ=0.2741 α=1.05
    LL: -88213.41 | γ=0.2741 α=1.05 c=1.000 [eval 40]

    💾 Checkpoint 41: LL=-88213.41 (best: -88213.41) | γ=0.2741 α=1.05
    LL: -88213.41 | γ=0.2741 α=1.05 c=1.000 [eval 41]

    💾 Checkpoint 42: LL=-90719.87 (best: -88213.41) | γ=0.2313 α=1.05
    LL: -90719.87 | γ=0.2313 α=1.05 c=1.000 [eval 42]

    💾 Checkpoint 43: LL=-90719.87 (best: -88213.41) | γ=0.2313 α=1.05
    LL: -90719.87 | γ=0.2313 α=1.05 c=1.000 [eval 43]

    💾 Checkpoint 44: LL=-90719.87 (best: -88213.41) | γ=0.2313 α=1.05
    LL: -90719.87 | γ=0.2313 α=1.05 c=1.000 [eval 44]

    💾 Checkpoint 45: LL=-90719.88 (best: -88213.41) | γ=0.2315 α=1.05
    LL: -90719.88 | γ=0.2315 α=1.05 c=1.000 [eval 45]

    💾 Checkpoint 46: LL=-90719.85 (best: -88213.41) | γ=0.2311 α=1.05
    LL: -90719.85 | γ=0.2311 α=1.05 c=1.000 [eval 46]

    💾 Checkpoint 47: LL=-90719.87 (best: -88213.41) | γ=0.2313 α=1.05
    LL: -90719.87 | γ=0.2313 α=1.05 c=1.000 [eval 47]

    💾 Checkpoint 48: LL=-90719.87 (best: -88213.41) | γ=0.2313 α=1.05
    LL: -90719.87 | γ=0.2313 α=1.05 c=1.000 [eval 48]

    💾 Checkpoint 49: LL=-90719.87 (best: -88213.41) | γ=0.2313 α=1.05
    LL: -90719.87 | γ=0.2313 α=1.05 c=1.000 [eval 49]

    💾 Checkpoint 50: LL=-90719.87 (best: -88213.41) | γ=0.2313 α=1.05
    LL: -90719.87 | γ=0.2313 α=1.05 c=1.000 [eval 50]

    💾 Checkpoint 51: LL=-90719.87 (best: -88213.41) | γ=0.2313 α=1.05
    LL: -90719.87 | γ=0.2313 α=1.05 c=1.000 [eval 51]

    💾 Checkpoint 52: LL=-90719.87 (best: -88213.41) | γ=0.2313 α=1.05
    LL: -90719.87 | γ=0.2313 α=1.05 c=1.000 [eval 52]

    💾 Checkpoint 53: LL=-90719.87 (best: -88213.41) | γ=0.2313 α=1.05
    LL: -90719.87 | γ=0.2313 α=1.05 c=1.000 [eval 53]

    💾 Checkpoint 54: LL=-90719.87 (best: -88213.41) | γ=0.2313 α=1.05
    LL: -90719.87 | γ=0.2313 α=1.05 c=1.000 [eval 54]

    💾 Checkpoint 55: LL=-90719.87 (best: -88213.41) | γ=0.2313 α=1.05
    LL: -90719.87 | γ=0.2313 α=1.05 c=1.000 [eval 55]

    💾 Checkpoint 56: LL=-90719.87 (best: -88213.41) | γ=0.2313 α=1.05
    LL: -90719.87 | γ=0.2313 α=1.05 c=1.000 [eval 56]

    💾 Checkpoint 57: LL=-90719.87 (best: -88213.41) | γ=0.2313 α=1.05
    LL: -90719.87 | γ=0.2313 α=1.05 c=1.000 [eval 57]

    💾 Checkpoint 58: LL=-90719.87 (best: -88213.41) | γ=0.2313 α=1.05
    LL: -90719.87 | γ=0.2313 α=1.05 c=1.000 [eval 58]

    💾 Checkpoint 59: LL=-90719.87 (best: -88213.41) | γ=0.2313 α=1.05
    LL: -90719.87 | γ=0.2313 α=1.05 c=1.000 [eval 59]

    💾 Checkpoint 60: LL=-90719.87 (best: -88213.41) | γ=0.2313 α=1.05
    LL: -90719.87 | γ=0.2313 α=1.05 c=1.000 [eval 60]

    💾 Checkpoint 61: LL=-90719.87 (best: -88213.41) | γ=0.2313 α=1.05
    LL: -90719.87 | γ=0.2313 α=1.05 c=1.000 [eval 61]

    💾 Checkpoint 62: LL=-90719.87 (best: -88213.41) | γ=0.2313 α=1.05
    LL: -90719.87 | γ=0.2313 α=1.05 c=1.000 [eval 62]

    💾 Checkpoint 63: LL=-90719.87 (best: -88213.41) | γ=0.2313 α=1.05
    LL: -90719.87 | γ=0.2313 α=1.05 c=1.000 [eval 63]

    💾 Checkpoint 64: LL=-90719.87 (best: -88213.41) | γ=0.2313 α=1.05
    LL: -90719.87 | γ=0.2313 α=1.05 c=1.000 [eval 64]

    💾 Checkpoint 65: LL=-90719.87 (best: -88213.41) | γ=0.2313 α=1.05
    LL: -90719.87 | γ=0.2313 α=1.05 c=1.000 [eval 65]

    💾 Checkpoint 66: LL=-90719.87 (best: -88213.41) | γ=0.2313 α=1.05
    LL: -90719.87 | γ=0.2313 α=1.05 c=1.000 [eval 66]

    💾 Checkpoint 67: LL=-90719.91 (best: -88213.41) | γ=0.2313 α=1.05
    LL: -90719.91 | γ=0.2313 α=1.05 c=1.000 [eval 67]

    💾 Checkpoint 68: LL=-90719.82 (best: -88213.41) | γ=0.2313 α=1.05
    LL: -90719.82 | γ=0.2313 α=1.05 c=1.000 [eval 68]

    💾 Checkpoint 69: LL=-90720.00 (best: -88213.41) | γ=0.2313 α=1.05
    LL: -90720.00 | γ=0.2313 α=1.05 c=1.000 [eval 69]

    💾 Checkpoint 70: LL=-90719.74 (best: -88213.41) | γ=0.2313 α=1.05
    LL: -90719.74 | γ=0.2313 α=1.05 c=1.000 [eval 70]

    💾 Checkpoint 71: LL=-90724.63 (best: -88213.41) | γ=0.2313 α=1.05
    LL: -90724.63 | γ=0.2313 α=1.05 c=1.000 [eval 71]

    💾 Checkpoint 72: LL=-90715.11 (best: -88213.41) | γ=0.2313 α=1.05
    LL: -90715.11 | γ=0.2313 α=1.05 c=1.000 [eval 72]

    💾 Checkpoint 73: LL=-90720.90 (best: -88213.41) | γ=0.2313 α=1.05
    LL: -90720.90 | γ=0.2313 α=1.05 c=1.000 [eval 73]

    💾 Checkpoint 74: LL=-90718.84 (best: -88213.41) | γ=0.2313 α=1.05
    LL: -90718.84 | γ=0.2313 α=1.05 c=1.000 [eval 74]

    💾 Checkpoint 75: LL=-90726.98 (best: -88213.41) | γ=0.2313 α=1.05
    LL: -90726.98 | γ=0.2313 α=1.05 c=1.000 [eval 75]

    💾 Checkpoint 76: LL=-90712.75 (best: -88213.41) | γ=0.2313 α=1.05
    LL: -90712.75 | γ=0.2313 α=1.05 c=1.000 [eval 76]

    💾 Checkpoint 77: LL=-90725.78 (best: -88213.41) | γ=0.2313 α=1.05
    LL: -90725.78 | γ=0.2313 α=1.05 c=1.000 [eval 77]

    💾 Checkpoint 78: LL=-90713.97 (best: -88213.41) | γ=0.2313 α=1.05
    LL: -90713.97 | γ=0.2313 α=1.05 c=1.000 [eval 78]

    💾 Checkpoint 79: LL=-90719.86 (best: -88213.41) | γ=0.2313 α=1.05
    LL: -90719.86 | γ=0.2313 α=1.05 c=1.000 [eval 79]

    💾 Checkpoint 80: LL=-90719.87 (best: -88213.41) | γ=0.2313 α=1.05
    LL: -90719.87 | γ=0.2313 α=1.05 c=1.000 [eval 80]

    💾 Checkpoint 81: LL=-90719.87 (best: -88213.41) | γ=0.2313 α=1.05
    LL: -90719.87 | γ=0.2313 α=1.05 c=1.000 [eval 81]

    💾 Checkpoint 82: LL=-90719.87 (best: -88213.41) | γ=0.2313 α=1.05
    LL: -90719.87 | γ=0.2313 α=1.05 c=1.000 [eval 82]

    💾 Checkpoint 83: LL=-88213.41 (best: -88213.41) | γ=0.2741 α=1.05
    LL: -88213.41 | γ=0.2741 α=1.05 c=1.000 [eval 83]

    💾 Checkpoint 84: LL=-88213.41 (best: -88213.41) | γ=0.2741 α=1.05
    LL: -88213.41 | γ=0.2741 α=1.05 c=1.000 [eval 84]

    💾 Checkpoint 85: LL=-88213.41 (best: -88213.41) | γ=0.2741 α=1.05
    LL: -88213.41 | γ=0.2741 α=1.05 c=1.000 [eval 85]

    💾 Checkpoint 86: LL=-88213.41 (best: -88213.41) | γ=0.2743 α=1.05
    LL: -88213.41 | γ=0.2743 α=1.05 c=1.000 [eval 86]

    💾 Checkpoint 87: LL=-88213.41 (best: -88213.41) | γ=0.2739 α=1.05
    LL: -88213.41 | γ=0.2739 α=1.05 c=1.000 [eval 87]

    💾 Checkpoint 88: LL=-88213.41 (best: -88213.41) | γ=0.2741 α=1.05
    LL: -88213.41 | γ=0.2741 α=1.05 c=1.000 [eval 88]

    💾 Checkpoint 89: LL=-88213.41 (best: -88213.41) | γ=0.2741 α=1.05
    LL: -88213.41 | γ=0.2741 α=1.05 c=1.000 [eval 89]

    💾 Checkpoint 90: LL=-88213.41 (best: -88213.41) | γ=0.2741 α=1.05
    LL: -88213.41 | γ=0.2741 α=1.05 c=1.000 [eval 90]

    💾 Checkpoint 91: LL=-88213.41 (best: -88213.41) | γ=0.2741 α=1.05
    LL: -88213.41 | γ=0.2741 α=1.05 c=1.000 [eval 91]

    💾 Checkpoint 92: LL=-88213.41 (best: -88213.41) | γ=0.2741 α=1.05
    LL: -88213.41 | γ=0.2741 α=1.05 c=1.000 [eval 92]

    💾 Checkpoint 93: LL=-88213.41 (best: -88213.41) | γ=0.2741 α=1.05
    LL: -88213.41 | γ=0.2741 α=1.05 c=1.000 [eval 93]

    💾 Checkpoint 94: LL=-88213.41 (best: -88213.41) | γ=0.2741 α=1.05
    LL: -88213.41 | γ=0.2741 α=1.05 c=1.000 [eval 94]

    💾 Checkpoint 95: LL=-88213.41 (best: -88213.41) | γ=0.2741 α=1.05
    LL: -88213.41 | γ=0.2741 α=1.05 c=1.000 [eval 95]

    💾 Checkpoint 96: LL=-88213.41 (best: -88213.41) | γ=0.2741 α=1.05
    LL: -88213.41 | γ=0.2741 α=1.05 c=1.000 [eval 96]

    💾 Checkpoint 97: LL=-88213.41 (best: -88213.41) | γ=0.2741 α=1.05
    LL: -88213.41 | γ=0.2741 α=1.05 c=1.000 [eval 97]

    💾 Checkpoint 98: LL=-88213.41 (best: -88213.41) | γ=0.2741 α=1.05
    LL: -88213.41 | γ=0.2741 α=1.05 c=1.000 [eval 98]

    💾 Checkpoint 99: LL=-88213.41 (best: -88213.41) | γ=0.2741 α=1.05
    LL: -88213.41 | γ=0.2741 α=1.05 c=1.000 [eval 99]

    💾 Checkpoint 100: LL=-88213.41 (best: -88213.41) | γ=0.2741 α=1.05
    LL: -88213.41 | γ=0.2741 α=1.05 c=1.000 [eval 100]

    💾 Checkpoint 101: LL=-88213.41 (best: -88213.41) | γ=0.2741 α=1.05
    LL: -88213.41 | γ=0.2741 α=1.05 c=1.000 [eval 101]

    💾 Checkpoint 102: LL=-88213.41 (best: -88213.41) | γ=0.2741 α=1.05
    LL: -88213.41 | γ=0.2741 α=1.05 c=1.000 [eval 102]

    💾 Checkpoint 103: LL=-88213.41 (best: -88213.41) | γ=0.2741 α=1.05
    LL: -88213.41 | γ=0.2741 α=1.05 c=1.000 [eval 103]

    💾 Checkpoint 104: LL=-88213.41 (best: -88213.41) | γ=0.2741 α=1.05
    LL: -88213.41 | γ=0.2741 α=1.05 c=1.000 [eval 104]

    💾 Checkpoint 105: LL=-88213.41 (best: -88213.41) | γ=0.2741 α=1.05
    LL: -88213.41 | γ=0.2741 α=1.05 c=1.000 [eval 105]

    💾 Checkpoint 106: LL=-88213.41 (best: -88213.41) | γ=0.2741 α=1.05
    LL: -88213.41 | γ=0.2741 α=1.05 c=1.000 [eval 106]

    💾 Checkpoint 107: LL=-88213.41 (best: -88213.41) | γ=0.2741 α=1.05
    LL: -88213.41 | γ=0.2741 α=1.05 c=1.000 [eval 107]

    💾 Checkpoint 108: LL=-88213.41 (best: -88213.41) | γ=0.2741 α=1.05
    LL: -88213.41 | γ=0.2741 α=1.05 c=1.000 [eval 108]

    💾 Checkpoint 109: LL=-88213.41 (best: -88213.41) | γ=0.2741 α=1.05
    LL: -88213.41 | γ=0.2741 α=1.05 c=1.000 [eval 109]

    💾 Checkpoint 110: LL=-88213.41 (best: -88213.41) | γ=0.2741 α=1.05
    LL: -88213.41 | γ=0.2741 α=1.05 c=1.000 [eval 110]

    💾 Checkpoint 111: LL=-88213.41 (best: -88213.41) | γ=0.2741 α=1.05
    LL: -88213.41 | γ=0.2741 α=1.05 c=1.000 [eval 111]

    💾 Checkpoint 112: LL=-88213.41 (best: -88213.41) | γ=0.2741 α=1.05
    LL: -88213.41 | γ=0.2741 α=1.05 c=1.000 [eval 112]

    💾 Checkpoint 113: LL=-88213.41 (best: -88213.41) | γ=0.2741 α=1.05
    LL: -88213.41 | γ=0.2741 α=1.05 c=1.000 [eval 113]

    💾 Checkpoint 114: LL=-88213.41 (best: -88213.41) | γ=0.2741 α=1.05
    LL: -88213.41 | γ=0.2741 α=1.05 c=1.000 [eval 114]

    💾 Checkpoint 115: LL=-88213.41 (best: -88213.41) | γ=0.2741 α=1.05
    LL: -88213.41 | γ=0.2741 α=1.05 c=1.000 [eval 115]

    💾 Checkpoint 116: LL=-88213.42 (best: -88213.41) | γ=0.2741 α=1.05
    LL: -88213.42 | γ=0.2741 α=1.05 c=1.000 [eval 116]

    💾 Checkpoint 117: LL=-88213.42 (best: -88213.41) | γ=0.2741 α=1.05
    LL: -88213.42 | γ=0.2741 α=1.05 c=1.000 [eval 117]

    💾 Checkpoint 118: LL=-88213.41 (best: -88213.41) | γ=0.2741 α=1.05
    LL: -88213.41 | γ=0.2741 α=1.05 c=1.000 [eval 118]

    💾 Checkpoint 119: LL=-88213.41 (best: -88213.41) | γ=0.2741 α=1.05
    LL: -88213.41 | γ=0.2741 α=1.05 c=1.000 [eval 119]

    💾 Checkpoint 120: LL=-88213.41 (best: -88213.41) | γ=0.2741 α=1.05
    LL: -88213.41 | γ=0.2741 α=1.05 c=1.000 [eval 120]

    💾 Checkpoint 121: LL=-88213.41 (best: -88213.41) | γ=0.2741 α=1.05
    LL: -88213.41 | γ=0.2741 α=1.05 c=1.000 [eval 121]

    💾 Checkpoint 122: LL=-88213.41 (best: -88213.41) | γ=0.2741 α=1.05
    LL: -88213.41 | γ=0.2741 α=1.05 c=1.000 [eval 122]

    💾 Checkpoint 123: LL=-88213.41 (best: -88213.41) | γ=0.2741 α=1.05
    LL: -88213.41 | γ=0.2741 α=1.05 c=1.000 [eval 123]
final  value 88213.408705 
converged

  ✓ Optimization complete in 117.50 minutes
  Log-likelihood: -88213.41
  Convergence: 0
✓ Final checkpoint saved: checkpoints_model6_powerlaw_extended/model-MODEL6_POWERLAW_EXTENDED-FINAL.rds

  Cleaned up 123 intermediate checkpoints


╔══════════════════════════════════════════════════════════════╗
║         MODEL 6 RESULTS                                      ║
╚══════════════════════════════════════════════════════════════╝

MODEL FIT:
  Log-likelihood: -88213.41
  AIC: 176466.82
  BIC: 176620.32
  Parameters: 20
  Runtime: 117.50 minutes

BACKGROUND RATE PARAMETERS:
---------------------------
  β₀ (baseline): -15.0000
  γ (population elasticity): 0.2741
    → 10× population → 1.9× more protests
  δ (poverty effect): -19.4076
    → +10% poverty → 0.144× more protests

TRIGGERING PARAMETERS (violence-focused):
------------------------------------------
  β₀_trig (baseline): -9.9977
  β_fatal: 0.1267 (exp = 1.135)
  β_violent: 1.5899 (exp = 4.903)
  β_student: -1.6441 (exp = 0.193)
  β_labor: 3.7014 (exp = 40.505)
  β_papua: 1.0023 (exp = 2.724)
  α (power-law exponent): 1.0501
  c (offset): 1.0000 days (24.0 hours)

✓ Saved: model6_powerlaw_extended.rds

╔══════════════════════════════════════════════════════════════╗
║   MODEL 6 ESTIMATION COMPLETE                                ║
╚══════════════════════════════════════════════════════════════╝
