
Attaching package: ‘dplyr’

The following objects are masked from ‘package:stats’:

    filter, lag

The following objects are masked from ‘package:base’:

    intersect, setdiff, setequal, union

Warning message:
package ‘Rcpp’ was built under R version 4.3.3 
Compiling C++ likelihood function...
✓ C++ compiled


╔══════════════════════════════════════════════════════════════╗
║   UNCERTAINTY QUANTIFICATION FOR HAWKES MODEL                ║
╚══════════════════════════════════════════════════════════════╝

=== LOADING FITTED MODEL ===
Loaded model with LL = -78693.63
Parameters: 18
Runtime: 205.3 minutes

=== RELOADING DATA ===
Error in gzfile(file, "rb") : cannot open the connection
Calls: readRDS -> gzfile
In addition: Warning message:
In gzfile(file, "rb") :
  cannot open compressed file '../data/acled_indonesia_processed.rds', probable reason 'No such file or directory'
Execution halted
